Started GET "/y_combinator/scrape" for ::1 at 2024-07-16 08:13:33 +0530
  [1m[35m (0.7ms)[0m  [1m[34mSELECT sqlite_version(*)[0m
Processing by YCombinatorController#scrape as */*
Completed 204 No Content in 15ms (ActiveRecord: 0.0ms | Allocations: 2699)


Started GET "/y_combinator/scrape" for ::1 at 2024-07-16 08:15:17 +0530
  [1m[35m (0.2ms)[0m  [1m[34mSELECT sqlite_version(*)[0m
Processing by YCombinatorController#scrape as */*
Completed 200 OK in 14346ms (Views: 0.2ms | ActiveRecord: 0.0ms | Allocations: 13458)


Started GET "/y_combinator/scrape" for ::1 at 2024-07-16 08:16:03 +0530
Processing by YCombinatorController#scrape as */*
Completed 500 Internal Server Error in 47023ms (Allocations: 335804)


  
NoMethodError (undefined method `<<' for nil:NilClass

        @companies << company.text
                   ^^):
  
app/controllers/y_combinator_controller.rb:26:in `block in scrape'
app/controllers/y_combinator_controller.rb:25:in `scrape'
Started GET "/y_combinator/scrape" for ::1 at 2024-07-16 08:17:21 +0530
Processing by YCombinatorController#scrape as */*
Completed 200 OK in 48528ms (Views: 1.0ms | Allocations: 300921)


Started GET "/y_combinator/scrape" for ::1 at 2024-07-16 08:18:26 +0530
Processing by YCombinatorController#scrape as */*
Completed 200 OK in 11877ms (Views: 0.4ms | Allocations: 4879)


Started GET "/y_combinator/scrape" for ::1 at 2024-07-16 08:18:43 +0530
Processing by YCombinatorController#scrape as */*
Completed 200 OK in 9401ms (Views: 0.4ms | Allocations: 4713)


Started GET "/y_combinator/scrape" for ::1 at 2024-07-16 08:19:32 +0530
Processing by YCombinatorController#scrape as */*
Completed 200 OK in 16390ms (Views: 1.4ms | Allocations: 5866)


Started GET "/y_combinator/scrape" for ::1 at 2024-07-16 08:28:47 +0530
Processing by YCombinatorController#scrape as */*
Completed 500 Internal Server Error in 18018ms (Allocations: 7541)


  
NameError (undefined local variable or method `document' for #<YCombinatorController:0x000000000d2ed8>

      companies = document.css('._company_86jzd_338').map do |company_element|
                  ^^^^^^^^):
  
app/controllers/y_combinator_controller.rb:30:in `scrape'
Started GET "/y_combinator/scrape" for ::1 at 2024-07-16 08:29:32 +0530
Processing by YCombinatorController#scrape as */*
Completed 200 OK in 22860ms (Views: 0.3ms | Allocations: 5199)


Started GET "/y_combinator/scrape" for ::1 at 2024-07-16 08:31:16 +0530
Processing by YCombinatorController#scrape as */*
Completed 500 Internal Server Error in 431994ms (Allocations: 12273)


  
NoMethodError (undefined method `text' for nil:NilClass

        name: company_element.at_css('._coName_86jzd_453').text.strip,
                                                          ^^^^^):
  
app/controllers/y_combinator_controller.rb:33:in `block in scrape'
app/controllers/y_combinator_controller.rb:30:in `map'
app/controllers/y_combinator_controller.rb:30:in `scrape'
Started GET "/y_combinator/scrape" for ::1 at 2024-07-16 08:38:31 +0530
Processing by YCombinatorController#scrape as */*
Completed 500 Internal Server Error in 69838ms (Allocations: 115391)


  
SystemExit (exit):
  
(byebug):1:in `exit'
(byebug):1:in `block in scrape'
app/controllers/y_combinator_controller.rb:36:in `block in scrape'
app/controllers/y_combinator_controller.rb:30:in `map'
app/controllers/y_combinator_controller.rb:30:in `scrape'
Started GET "/y_combinator/scrape" for ::1 at 2024-07-16 08:39:55 +0530
Processing by YCombinatorController#scrape as */*
Completed 200 OK in 20336ms (Views: 18.7ms | Allocations: 2162023)


Started GET "/y_combinator/scrape" for ::1 at 2024-07-16 08:42:58 +0530
Processing by YCombinatorController#scrape as */*
Completed 200 OK in 15566ms (Views: 27.0ms | Allocations: 3448917)


Started GET "/y_combinator/scrape" for ::1 at 2024-07-16 08:44:09 +0530
Processing by YCombinatorController#scrape as */*
Completed 200 OK in 18001ms (Views: 23.1ms | Allocations: 3721843)


Started GET "/y_combinator/scrape" for ::1 at 2024-07-16 08:50:58 +0530
Processing by YCombinatorController#scrape as */*
Completed 500 Internal Server Error in 559778ms (Allocations: 1604539)


  
SystemExit (exit):
  
(byebug):1:in `exit'
(byebug):1:in `block in scrape'
app/controllers/y_combinator_controller.rb:30:in `block in scrape'
app/controllers/y_combinator_controller.rb:28:in `map'
app/controllers/y_combinator_controller.rb:28:in `scrape'
Started GET "/y_combinator/scrape" for ::1 at 2024-07-16 09:00:22 +0530
Processing by YCombinatorController#scrape as */*
Completed 500 Internal Server Error in 30405ms (Allocations: 999413)


  
Selenium::WebDriver::Error::InvalidSessionIdError (invalid session id):
  
app/controllers/y_combinator_controller.rb:32:in `block in scrape'
app/controllers/y_combinator_controller.rb:28:in `map'
app/controllers/y_combinator_controller.rb:28:in `scrape'
Started GET "/y_combinator/scrape" for ::1 at 2024-07-16 09:01:30 +0530
Processing by YCombinatorController#scrape as */*
Completed 500 Internal Server Error in 19313ms (Allocations: 1293170)


  
Selenium::WebDriver::Error::InvalidSessionIdError (invalid session id):
  
app/controllers/y_combinator_controller.rb:34:in `block in scrape'
app/controllers/y_combinator_controller.rb:28:in `map'
app/controllers/y_combinator_controller.rb:28:in `scrape'
Started GET "/y_combinator/scrape" for ::1 at 2024-07-16 09:02:37 +0530
Processing by YCombinatorController#scrape as */*
Completed 200 OK in 11230ms (Views: 1.2ms | Allocations: 931404)


Started GET "/y_combinator/scrape" for ::1 at 2024-07-16 09:05:17 +0530
Processing by YCombinatorController#scrape as */*
Completed 200 OK in 19713ms (Views: 1.2ms | Allocations: 960047)


Started GET "/y_combinator/scrape" for ::1 at 2024-07-16 09:08:24 +0530
Processing by YCombinatorController#scrape as */*
Completed 200 OK in 18984ms (Views: 2.1ms | Allocations: 956247)


Started GET "/y_combinator/scrape" for ::1 at 2024-07-16 09:10:51 +0530
Processing by YCombinatorController#scrape as */*
Completed 200 OK in 24841ms (Views: 1.6ms | Allocations: 975836)


Started GET "/y_combinator/scrape" for ::1 at 2024-07-16 09:11:42 +0530
Processing by YCombinatorController#scrape as */*
Completed 200 OK in 23101ms (Views: 2.0ms | Allocations: 970039)


Started GET "/y_combinator/scrape" for ::1 at 2024-07-16 09:12:34 +0530
Processing by YCombinatorController#scrape as */*
Completed 500 Internal Server Error in 195103ms (Allocations: 2013521)


  
SystemExit (exit):
  
(byebug):1:in `exit'
(byebug):1:in `second_page'
app/controllers/y_combinator_controller.rb:67:in `second_page'
app/controllers/y_combinator_controller.rb:29:in `block in scrape'
app/controllers/y_combinator_controller.rb:25:in `map'
app/controllers/y_combinator_controller.rb:25:in `scrape'
Started GET "/y_combinator/scrape" for ::1 at 2024-07-16 09:16:02 +0530
Processing by YCombinatorController#scrape as */*
Completed 200 OK in 15473ms (Views: 0.8ms | Allocations: 619836)


Started GET "/y_combinator/scrape" for ::1 at 2024-07-16 09:16:48 +0530
Processing by YCombinatorController#scrape as */*
Completed 200 OK in 27581ms (Views: 1.1ms | Allocations: 921933)


Started GET "/y_combinator/scrape" for ::1 at 2024-07-16 09:17:43 +0530
Processing by YCombinatorController#scrape as */*
Completed 200 OK in 15615ms (Views: 1.2ms | Allocations: 951509)


Started GET "/y_combinator/scrape" for ::1 at 2024-07-16 09:18:24 +0530
Processing by YCombinatorController#scrape as */*
Completed 200 OK in 20840ms (Views: 2.5ms | Allocations: 1613066)


Started GET "/y_combinator/scrape" for ::1 at 2024-07-16 09:19:23 +0530
Processing by YCombinatorController#scrape as */*
Completed 200 OK in 17772ms (Views: 3.0ms | Allocations: 959775)


Started GET "/y_combinator/scrape" for ::1 at 2024-07-16 09:21:14 +0530
Processing by YCombinatorController#scrape as */*
Completed 200 OK in 16656ms (Views: 34.5ms | Allocations: 3477770)


Started GET "/y_combinator/scrape" for ::1 at 2024-07-16 09:22:31 +0530
Processing by YCombinatorController#scrape as */*
Completed 200 OK in 20645ms (Views: 1.3ms | Allocations: 958779)


Started GET "/y_combinator/scrape" for ::1 at 2024-07-16 09:24:08 +0530
Processing by YCombinatorController#scrape as */*
Completed 200 OK in 23687ms (Views: 1.7ms | Allocations: 977559)


Started GET "/y_combinator/scrape" for ::1 at 2024-07-16 09:24:38 +0530
Processing by YCombinatorController#scrape as */*
Completed 200 OK in 18234ms (Views: 25.4ms | Allocations: 4023472)


Started GET "/y_combinator/scrape" for ::1 at 2024-07-16 09:24:59 +0530
Processing by YCombinatorController#scrape as */*
Completed 200 OK in 18544ms (Views: 24.0ms | Allocations: 3489190)


Started GET "/y_combinator/scrape" for ::1 at 2024-07-16 09:27:04 +0530
Processing by YCombinatorController#scrape as */*
Started GET "/y_combinator/scrape" for ::1 at 2024-07-16 09:33:11 +0530
  [1m[35m (0.3ms)[0m  [1m[34mSELECT sqlite_version(*)[0m
Processing by YCombinatorController#scrape as */*
Completed 200 OK in 18810ms (Views: 0.6ms | ActiveRecord: 0.0ms | Allocations: 9482)


Started GET "/y_combinator/scrape" for ::1 at 2024-07-16 09:33:42 +0530
Processing by YCombinatorController#scrape as */*
Completed 200 OK in 25380ms (Views: 0.3ms | Allocations: 4363)


Started GET "/y_combinator/scrape" for ::1 at 2024-07-16 09:34:49 +0530
Processing by YCombinatorController#scrape as */*
Completed 200 OK in 25705ms (Views: 0.3ms | Allocations: 4179)


Started GET "/y_combinator/scrape" for ::1 at 2024-07-16 09:35:30 +0530
Processing by YCombinatorController#scrape as */*
Completed 200 OK in 41593ms (Views: 0.3ms | Allocations: 6743)


Started GET "/y_combinator/scrape" for ::1 at 2024-07-16 09:37:45 +0530
Processing by YCombinatorController#scrape as */*
Completed 200 OK in 33976ms (Views: 0.4ms | Allocations: 7970)


Started GET "/y_combinator/scrape" for ::1 at 2024-07-16 09:39:13 +0530
Processing by YCombinatorController#scrape as */*
Completed 200 OK in 53286ms (Views: 0.3ms | Allocations: 4208)


Started GET "/y_combinator/scrape" for ::1 at 2024-07-16 09:40:33 +0530
Processing by YCombinatorController#scrape as */*
Completed 500 Internal Server Error in 60452ms (Allocations: 2207)


  
Net::ReadTimeout (Net::ReadTimeout with #<Socket:(closed)>):
  
app/controllers/y_combinator_controller.rb:10:in `scrape'
Started GET "/y_combinator/scrape" for ::1 at 2024-07-16 09:41:48 +0530
Processing by YCombinatorController#scrape as */*
Completed 200 OK in 9848ms (Views: 0.6ms | Allocations: 11664)


Started GET "/y_combinator/scrape" for ::1 at 2024-07-16 09:42:13 +0530
Processing by YCombinatorController#scrape as */*
Completed 200 OK in 7648ms (Views: 0.6ms | Allocations: 11517)


Started GET "/y_combinator/scrape" for ::1 at 2024-07-16 09:42:46 +0530
Processing by YCombinatorController#scrape as */*
Completed 500 Internal Server Error in 85275ms (Allocations: 100968)


  
SystemExit (exit):
  
(byebug):1:in `exit'
(byebug):1:in `block in scrape'
app/controllers/y_combinator_controller.rb:32:in `block in scrape'
app/controllers/y_combinator_controller.rb:25:in `map'
app/controllers/y_combinator_controller.rb:25:in `scrape'
Started GET "/y_combinator/scrape" for ::1 at 2024-07-16 09:44:37 +0530
Processing by YCombinatorController#scrape as */*
Completed 500 Internal Server Error in 63048ms (Allocations: 1216927)


  
SystemExit (exit):
  
(byebug):1:in `exit'
(byebug):1:in `each'
app/controllers/y_combinator_controller.rb:25:in `map'
app/controllers/y_combinator_controller.rb:25:in `scrape'
Started GET "/y_combinator/scrape" for ::1 at 2024-07-16 09:45:50 +0530
Processing by YCombinatorController#scrape as */*
Completed 500 Internal Server Error in 151678ms (Allocations: 2295348)


  
SystemExit (exit):
  
(byebug):1:in `exit'
(byebug):1:in `fetch_second_page_data'
app/controllers/y_combinator_controller.rb:80:in `fetch_second_page_data'
app/controllers/y_combinator_controller.rb:28:in `block in scrape'
app/controllers/y_combinator_controller.rb:25:in `map'
app/controllers/y_combinator_controller.rb:25:in `scrape'
Started GET "/y_combinator/scrape" for ::1 at 2024-07-16 09:48:40 +0530
Processing by YCombinatorController#scrape as */*
Completed 500 Internal Server Error in 116738ms (Allocations: 1999487)


  
SystemExit (exit):
  
(byebug):1:in `exit'
(byebug):1:in `fetch_second_page_data'
app/controllers/y_combinator_controller.rb:80:in `fetch_second_page_data'
app/controllers/y_combinator_controller.rb:27:in `block in scrape'
app/controllers/y_combinator_controller.rb:25:in `map'
app/controllers/y_combinator_controller.rb:25:in `scrape'
Started GET "/y_combinator/scrape" for ::1 at 2024-07-16 09:50:40 +0530
Processing by YCombinatorController#scrape as */*
Completed 500 Internal Server Error in 993546ms (Allocations: 2254751)


  
SystemExit (exit):
  
(byebug):1:in `exit'
(byebug):1:in `fetch_second_page_data'
app/controllers/y_combinator_controller.rb:87:in `fetch_second_page_data'
app/controllers/y_combinator_controller.rb:27:in `block in scrape'
app/controllers/y_combinator_controller.rb:25:in `map'
app/controllers/y_combinator_controller.rb:25:in `scrape'
Started GET "/y_combinator/scrape" for ::1 at 2024-07-16 10:07:19 +0530
Processing by YCombinatorController#scrape as */*
Completed 500 Internal Server Error in 632952ms (Allocations: 2151173)


  
SystemExit (exit):
  
(byebug):1:in `exit'
(byebug):1:in `block in fetch_second_page_data'
app/controllers/y_combinator_controller.rb:93:in `block in fetch_second_page_data'
app/controllers/y_combinator_controller.rb:90:in `map'
app/controllers/y_combinator_controller.rb:90:in `fetch_second_page_data'
app/controllers/y_combinator_controller.rb:27:in `block in scrape'
app/controllers/y_combinator_controller.rb:25:in `map'
app/controllers/y_combinator_controller.rb:25:in `scrape'
Started GET "/y_combinator/scrape" for ::1 at 2024-07-16 10:17:56 +0530
Processing by YCombinatorController#scrape as */*
Completed 200 OK in 11527ms (Views: 3.7ms | Allocations: 961192)


Started GET "/y_combinator/scrape" for ::1 at 2024-07-16 10:18:12 +0530
Processing by YCombinatorController#scrape as */*
Completed 500 Internal Server Error in 37191ms (Allocations: 30532666)


  
NameError (undefined local variable or method `parsed_page' for #<YCombinatorController:0x00000000055730>

    founders = parsed_page.css('.space-y-5 > div').map do |founder_element|
               ^^^^^^^^^^^
Did you mean?  parsed_page_2):
  
app/controllers/y_combinator_controller.rb:90:in `fetch_second_page_data'
app/controllers/y_combinator_controller.rb:27:in `block in scrape'
app/controllers/y_combinator_controller.rb:25:in `map'
app/controllers/y_combinator_controller.rb:25:in `scrape'
Started GET "/y_combinator/scrape" for ::1 at 2024-07-16 10:19:18 +0530
Processing by YCombinatorController#scrape as */*
Started GET "/y_combinator/scrape" for ::1 at 2024-07-16 10:22:39 +0530
  [1m[35m (0.5ms)[0m  [1m[34mSELECT sqlite_version(*)[0m
Processing by YCombinatorController#scrape as */*
Completed 500 Internal Server Error in 613123ms (ActiveRecord: 0.0ms | Allocations: 149442)


  
SystemExit (exit):
  
(byebug):1:in `exit'
(byebug):1:in `fetch_second_page_data'
app/controllers/y_combinator_controller.rb:71:in `fetch_second_page_data'
app/controllers/y_combinator_controller.rb:27:in `block in scrape'
app/controllers/y_combinator_controller.rb:25:in `map'
app/controllers/y_combinator_controller.rb:25:in `scrape'
Started GET "/y_combinator/scrape" for ::1 at 2024-07-16 10:33:28 +0530
Processing by YCombinatorController#scrape as */*
Completed 500 Internal Server Error in 119541ms (Allocations: 17932502)


  
NameError (undefined local variable or method `website' for #<YCombinatorController:0x00000000007fd0>

    { website: website || "N/A", founders: founders }
               ^^^^^^^):
  
app/controllers/y_combinator_controller.rb:84:in `fetch_second_page_data'
app/controllers/y_combinator_controller.rb:27:in `block in scrape'
app/controllers/y_combinator_controller.rb:25:in `map'
app/controllers/y_combinator_controller.rb:25:in `scrape'
Started GET "/y_combinator/scrape" for ::1 at 2024-07-16 10:36:31 +0530
Processing by YCombinatorController#scrape as */*
Started GET "/y_combinator/scrape" for ::1 at 2024-07-16 10:39:08 +0530
  [1m[35m (0.2ms)[0m  [1m[34mSELECT sqlite_version(*)[0m
Processing by YCombinatorController#scrape as */*
Started GET "/y_combinator/scrape" for ::1 at 2024-07-16 10:40:51 +0530
  [1m[35m (0.2ms)[0m  [1m[34mSELECT sqlite_version(*)[0m
Processing by YCombinatorController#scrape as */*
Started GET "/y_combinator/scrape" for ::1 at 2024-07-16 10:43:01 +0530
  [1m[35m (0.4ms)[0m  [1m[34mSELECT sqlite_version(*)[0m
Processing by YCombinatorController#scrape as */*
Completed 500 Internal Server Error in 161826ms (ActiveRecord: 0.0ms | Allocations: 78673)


  
SystemExit (exit):
  
(byebug):1:in `exit'
(byebug):1:in `fetch_second_page_data'
app/controllers/y_combinator_controller.rb:68:in `fetch_second_page_data'
app/controllers/y_combinator_controller.rb:27:in `block in scrape'
app/controllers/y_combinator_controller.rb:25:in `map'
app/controllers/y_combinator_controller.rb:25:in `scrape'
Started GET "/y_combinator/scrape" for ::1 at 2024-07-16 10:45:47 +0530
Processing by YCombinatorController#scrape as */*
Started GET "/profile/show" for ::1 at 2024-07-16 11:29:01 +0530
  [1m[35m (0.3ms)[0m  [1m[34mSELECT sqlite_version(*)[0m
Processing by ProfileController#show as */*
Completed 204 No Content in 2ms (ActiveRecord: 0.0ms | Allocations: 1851)


Started GET "/y_combinator/scrape" for ::1 at 2024-07-16 11:29:08 +0530
Processing by YCombinatorController#scrape as */*
Completed 200 OK in 12437ms (Views: 0.3ms | ActiveRecord: 0.0ms | Allocations: 7541)


Started GET "/profile/show" for ::1 at 2024-07-16 11:33:50 +0530
Processing by ProfileController#show as */*
Completed 500 Internal Server Error in 12400ms (Allocations: 3614)


  
Errno::ECONNREFUSED (Failed to open TCP connection to 127.0.0.1:9515 (Connection refused - connect(2) for 127.0.0.1:9515)):
  
app/controllers/profile_controller.rb:25:in `show'
Started GET "/y_combinator/scrape" for ::1 at 2024-07-16 11:35:40 +0530
Processing by YCombinatorController#scrape as */*
Completed 200 OK in 14184ms (Views: 0.3ms | Allocations: 4027)


Started GET "/profile/show" for ::1 at 2024-07-16 11:40:06 +0530
Processing by ProfileController#show as */*
Completed 500 Internal Server Error in 11362ms (Allocations: 3374)


  
Errno::ECONNREFUSED (Failed to open TCP connection to 127.0.0.1:9515 (Connection refused - connect(2) for 127.0.0.1:9515)):
  
app/controllers/profile_controller.rb:24:in `show'
Started GET "/profile/show" for ::1 at 2024-07-16 11:42:02 +0530
  [1m[35m (0.4ms)[0m  [1m[34mSELECT sqlite_version(*)[0m
Processing by ProfileController#show as */*
Completed 500 Internal Server Error in 14632ms (ActiveRecord: 0.0ms | Allocations: 8371)


  
Errno::ECONNREFUSED (Failed to open TCP connection to 127.0.0.1:9515 (Connection refused - connect(2) for 127.0.0.1:9515)):
  
app/controllers/profile_controller.rb:21:in `show'
Started GET "/y_combinator/scrape" for ::1 at 2024-07-16 11:42:55 +0530
Processing by YCombinatorController#scrape as */*
Completed 200 OK in 22894ms (Views: 0.2ms | Allocations: 4452)


Started GET "/y_combinator/scrape" for ::1 at 2024-07-16 11:43:26 +0530
Processing by YCombinatorController#scrape as */*
Completed 200 OK in 13455ms (Views: 1.2ms | Allocations: 11385)


Started GET "/y_combinator/show" for ::1 at 2024-07-16 11:47:48 +0530
Processing by YCombinatorController#show as */*
Completed 200 OK in 2449ms (Views: 0.5ms | Allocations: 2008)


Started GET "/y_combinator/show" for ::1 at 2024-07-16 11:48:55 +0530
Processing by YCombinatorController#show as */*
Completed 500 Internal Server Error in 1556284ms (Allocations: 930720)


  
SystemExit (exit):
  
(byebug):1:in `exit'
(byebug):1:in `show'
app/controllers/y_combinator_controller.rb:50:in `show'
Started GET "/y_combinator/show" for ::1 at 2024-07-16 12:14:56 +0530
Processing by YCombinatorController#show as */*
Completed 200 OK in 7970ms (Views: 0.6ms | Allocations: 281305)


Started GET "/y_combinator/show" for ::1 at 2024-07-16 12:15:25 +0530
Processing by YCombinatorController#show as */*
Completed 200 OK in 12263ms (Views: 0.5ms | Allocations: 17628)


Started GET "/y_combinator/show" for ::1 at 2024-07-16 12:16:18 +0530
Processing by YCombinatorController#show as */*
Completed 500 Internal Server Error in 6172ms (Allocations: 18375)


  
NoMethodError (undefined method `text' for nil:NilClass

      name = founder_element.at_css('h3').text.strip
                                         ^^^^^):
  
app/controllers/y_combinator_controller.rb:51:in `block in show'
app/controllers/y_combinator_controller.rb:50:in `map'
app/controllers/y_combinator_controller.rb:50:in `show'
Started GET "/y_combinator/show" for ::1 at 2024-07-16 12:16:44 +0530
Processing by YCombinatorController#show as */*
Completed 200 OK in 3407ms (Views: 0.6ms | Allocations: 17360)


Started GET "/y_combinator/show" for ::1 at 2024-07-16 12:22:52 +0530
Processing by YCombinatorController#show as */*
Completed 200 OK in 2939ms (Views: 0.3ms | Allocations: 17310)


Started GET "/y_combinator/show" for ::1 at 2024-07-16 12:23:55 +0530
Processing by YCombinatorController#show as */*
Completed 200 OK in 3562ms (Views: 0.2ms | Allocations: 17449)


Started GET "/y_combinator/show" for ::1 at 2024-07-16 12:27:10 +0530
Processing by YCombinatorController#show as */*
Completed 200 OK in 152567ms (Views: 0.2ms | Allocations: 23852)


Started GET "/y_combinator/show" for ::1 at 2024-07-16 12:29:45 +0530
Processing by YCombinatorController#show as */*
Completed 200 OK in 2938ms (Views: 0.4ms | Allocations: 18652)


Started GET "/y_combinator/show" for ::1 at 2024-07-16 12:30:15 +0530
Processing by YCombinatorController#show as */*
Completed 200 OK in 1813ms (Views: 0.3ms | Allocations: 1686)


Started GET "/y_combinator/show" for ::1 at 2024-07-16 12:30:49 +0530
Processing by YCombinatorController#show as */*
Completed 200 OK in 1980ms (Views: 0.2ms | Allocations: 1442)


Started GET "/y_combinator/show" for ::1 at 2024-07-16 12:32:09 +0530
Processing by YCombinatorController#show as */*
Completed 200 OK in 1948ms (Views: 0.2ms | Allocations: 1757)


Started GET "/y_combinator/scrape" for ::1 at 2024-07-16 12:33:39 +0530
Processing by YCombinatorController#scrape as */*
Completed 500 Internal Server Error in 13139ms (Allocations: 29862)


  
Selenium::WebDriver::Error::TimeoutError (timed out after 10 seconds (no such element: Unable to locate element: {"method":"css selector","selector":"._results_86jzd_326"}
  (Session info: chrome-headless-shell=126.0.6478.126); For documentation on this error, please visit: https://www.selenium.dev/documentation/webdriver/troubleshooting/errors#no-such-element-exception)):
  
app/controllers/y_combinator_controller.rb:14:in `scrape'
Started GET "/y_combinator/scrape" for ::1 at 2024-07-16 12:34:36 +0530
Processing by YCombinatorController#scrape as */*
Completed 200 OK in 9003ms (Views: 0.2ms | Allocations: 4087)


Started GET "/y_combinator/scrape" for ::1 at 2024-07-16 12:35:04 +0530
Processing by YCombinatorController#scrape as */*
Completed 200 OK in 55006ms (Views: 2.4ms | Allocations: 70155)


Started GET "/y_combinator/scrape" for ::1 at 2024-07-16 12:40:57 +0530
Processing by YCombinatorController#scrape as */*
Completed 200 OK in 67108ms (Views: 2.7ms | Allocations: 70733)


Started GET "/y_combinator/scrape" for ::1 at 2024-07-16 12:46:38 +0530
Processing by YCombinatorController#scrape as */*
Completed 200 OK in 9920ms (Views: 0.2ms | Allocations: 3984)


Started GET "/y_combinator/scrape" for ::1 at 2024-07-16 12:46:51 +0530
Processing by YCombinatorController#scrape as */*
Completed 200 OK in 63945ms (Views: 2.0ms | Allocations: 71294)


Started GET "/y_combinator/scrape" for ::1 at 2024-07-16 12:55:46 +0530
  
NameError (undefined local variable or method `www' for YCombinatorController:Class

  BASE_URL = https://www.ycombinator.com
                     ^^^):
  
app/controllers/y_combinator_controller.rb:2:in `<class:YCombinatorController>'
app/controllers/y_combinator_controller.rb:1:in `<main>'
Started GET "/y_combinator/scrape" for ::1 at 2024-07-16 12:56:05 +0530
Processing by YCombinatorController#scrape as */*
Completed 500 Internal Server Error in 21269ms (Allocations: 29893)


  
Selenium::WebDriver::Error::TimeoutError (timed out after 10 seconds (no such element: Unable to locate element: {"method":"css selector","selector":"._results_86jzd_326"}
  (Session info: chrome-headless-shell=126.0.6478.126); For documentation on this error, please visit: https://www.selenium.dev/documentation/webdriver/troubleshooting/errors#no-such-element-exception)):
  
app/controllers/y_combinator_controller.rb:22:in `scrape'
Started GET "/y_combinator/scrape" for ::1 at 2024-07-16 12:56:30 +0530
Processing by YCombinatorController#scrape as */*
Completed 500 Internal Server Error in 22881ms (Allocations: 29825)


  
Selenium::WebDriver::Error::TimeoutError (timed out after 10 seconds (no such element: Unable to locate element: {"method":"css selector","selector":"._results_86jzd_326"}
  (Session info: chrome-headless-shell=126.0.6478.126); For documentation on this error, please visit: https://www.selenium.dev/documentation/webdriver/troubleshooting/errors#no-such-element-exception)):
  
app/controllers/y_combinator_controller.rb:22:in `scrape'
Started GET "/y_combinator/scrape" for ::1 at 2024-07-16 12:57:33 +0530
Processing by YCombinatorController#scrape as */*
Completed 500 Internal Server Error in 20432ms (Allocations: 29855)


  
Selenium::WebDriver::Error::TimeoutError (timed out after 10 seconds (no such element: Unable to locate element: {"method":"css selector","selector":"._results_86jzd_326"}
  (Session info: chrome-headless-shell=126.0.6478.126); For documentation on this error, please visit: https://www.selenium.dev/documentation/webdriver/troubleshooting/errors#no-such-element-exception)):
  
app/controllers/y_combinator_controller.rb:22:in `scrape'
Started GET "/y_combinator/scrape" for ::1 at 2024-07-16 12:59:05 +0530
Processing by YCombinatorController#scrape as */*
Completed 200 OK in 81140ms (Views: 1.2ms | Allocations: 73455)


Started GET "/y_combinator/scrape" for ::1 at 2024-07-16 13:11:04 +0530
Processing by YCombinatorController#scrape as */*
Completed 200 OK in 10431ms (Views: 0.3ms | Allocations: 4150)


Started GET "/y_combinator/scrape" for ::1 at 2024-07-16 13:11:18 +0530
Processing by YCombinatorController#scrape as */*
Completed 500 Internal Server Error in 1933ms (Allocations: 2106)


  
Selenium::WebDriver::Error::UnknownError (unknown error: net::ERR_CONNECTION_RESET
  (Session info: chrome-headless-shell=126.0.6478.126)):
  
app/controllers/y_combinator_controller.rb:13:in `scrape'
Started GET "/y_combinator/scrape" for ::1 at 2024-07-16 13:11:34 +0530
Processing by YCombinatorController#scrape as */*
Completed 200 OK in 65434ms (Views: 3.0ms | Allocations: 70176)


Started GET "/y_combinator/generate_url" for ::1 at 2024-07-16 13:16:29 +0530
  
AbstractController::ActionNotFound (The action 'generate_url' could not be found for YCombinatorController
Did you mean?  scrape
               show):
  
actionpack (6.1.7.8) lib/abstract_controller/base.rb:160:in `process'
actionpack (6.1.7.8) lib/action_controller/metal.rb:190:in `dispatch'
actionpack (6.1.7.8) lib/action_controller/metal.rb:254:in `dispatch'
actionpack (6.1.7.8) lib/action_dispatch/routing/route_set.rb:50:in `dispatch'
actionpack (6.1.7.8) lib/action_dispatch/routing/route_set.rb:33:in `serve'
actionpack (6.1.7.8) lib/action_dispatch/journey/router.rb:50:in `block in serve'
actionpack (6.1.7.8) lib/action_dispatch/journey/router.rb:32:in `each'
actionpack (6.1.7.8) lib/action_dispatch/journey/router.rb:32:in `serve'
actionpack (6.1.7.8) lib/action_dispatch/routing/route_set.rb:842:in `call'
rack (2.2.9) lib/rack/etag.rb:27:in `call'
rack (2.2.9) lib/rack/conditional_get.rb:27:in `call'
rack (2.2.9) lib/rack/head.rb:12:in `call'
activerecord (6.1.7.8) lib/active_record/migration.rb:601:in `call'
actionpack (6.1.7.8) lib/action_dispatch/middleware/callbacks.rb:27:in `block in call'
activesupport (6.1.7.8) lib/active_support/callbacks.rb:98:in `run_callbacks'
actionpack (6.1.7.8) lib/action_dispatch/middleware/callbacks.rb:26:in `call'
actionpack (6.1.7.8) lib/action_dispatch/middleware/executor.rb:14:in `call'
actionpack (6.1.7.8) lib/action_dispatch/middleware/actionable_exceptions.rb:18:in `call'
actionpack (6.1.7.8) lib/action_dispatch/middleware/debug_exceptions.rb:29:in `call'
actionpack (6.1.7.8) lib/action_dispatch/middleware/show_exceptions.rb:33:in `call'
railties (6.1.7.8) lib/rails/rack/logger.rb:37:in `call_app'
railties (6.1.7.8) lib/rails/rack/logger.rb:26:in `block in call'
activesupport (6.1.7.8) lib/active_support/tagged_logging.rb:99:in `block in tagged'
activesupport (6.1.7.8) lib/active_support/tagged_logging.rb:37:in `tagged'
activesupport (6.1.7.8) lib/active_support/tagged_logging.rb:99:in `tagged'
railties (6.1.7.8) lib/rails/rack/logger.rb:26:in `call'
actionpack (6.1.7.8) lib/action_dispatch/middleware/remote_ip.rb:81:in `call'
actionpack (6.1.7.8) lib/action_dispatch/middleware/request_id.rb:26:in `call'
rack (2.2.9) lib/rack/runtime.rb:22:in `call'
activesupport (6.1.7.8) lib/active_support/cache/strategy/local_cache_middleware.rb:29:in `call'
actionpack (6.1.7.8) lib/action_dispatch/middleware/executor.rb:14:in `call'
actionpack (6.1.7.8) lib/action_dispatch/middleware/static.rb:24:in `call'
rack (2.2.9) lib/rack/sendfile.rb:110:in `call'
actionpack (6.1.7.8) lib/action_dispatch/middleware/host_authorization.rb:148:in `call'
railties (6.1.7.8) lib/rails/engine.rb:539:in `call'
puma (5.6.8) lib/puma/configuration.rb:252:in `call'
puma (5.6.8) lib/puma/request.rb:77:in `block in handle_request'
puma (5.6.8) lib/puma/thread_pool.rb:340:in `with_force_shutdown'
puma (5.6.8) lib/puma/request.rb:76:in `handle_request'
puma (5.6.8) lib/puma/server.rb:443:in `process_client'
puma (5.6.8) lib/puma/thread_pool.rb:147:in `block in spawn_thread'
Started GET "/y_combinator/generate_url" for ::1 at 2024-07-16 13:16:43 +0530
  [1m[35m (0.5ms)[0m  [1m[34mSELECT sqlite_version(*)[0m
  
AbstractController::ActionNotFound (The action 'generate_url' could not be found for YCombinatorController
Did you mean?  scrape
               show):
  
actionpack (6.1.7.8) lib/abstract_controller/base.rb:160:in `process'
actionpack (6.1.7.8) lib/action_controller/metal.rb:190:in `dispatch'
actionpack (6.1.7.8) lib/action_controller/metal.rb:254:in `dispatch'
actionpack (6.1.7.8) lib/action_dispatch/routing/route_set.rb:50:in `dispatch'
actionpack (6.1.7.8) lib/action_dispatch/routing/route_set.rb:33:in `serve'
actionpack (6.1.7.8) lib/action_dispatch/journey/router.rb:50:in `block in serve'
actionpack (6.1.7.8) lib/action_dispatch/journey/router.rb:32:in `each'
actionpack (6.1.7.8) lib/action_dispatch/journey/router.rb:32:in `serve'
actionpack (6.1.7.8) lib/action_dispatch/routing/route_set.rb:842:in `call'
rack (2.2.9) lib/rack/etag.rb:27:in `call'
rack (2.2.9) lib/rack/conditional_get.rb:27:in `call'
rack (2.2.9) lib/rack/head.rb:12:in `call'
activerecord (6.1.7.8) lib/active_record/migration.rb:601:in `call'
actionpack (6.1.7.8) lib/action_dispatch/middleware/callbacks.rb:27:in `block in call'
activesupport (6.1.7.8) lib/active_support/callbacks.rb:98:in `run_callbacks'
actionpack (6.1.7.8) lib/action_dispatch/middleware/callbacks.rb:26:in `call'
actionpack (6.1.7.8) lib/action_dispatch/middleware/executor.rb:14:in `call'
actionpack (6.1.7.8) lib/action_dispatch/middleware/actionable_exceptions.rb:18:in `call'
actionpack (6.1.7.8) lib/action_dispatch/middleware/debug_exceptions.rb:29:in `call'
actionpack (6.1.7.8) lib/action_dispatch/middleware/show_exceptions.rb:33:in `call'
railties (6.1.7.8) lib/rails/rack/logger.rb:37:in `call_app'
railties (6.1.7.8) lib/rails/rack/logger.rb:26:in `block in call'
activesupport (6.1.7.8) lib/active_support/tagged_logging.rb:99:in `block in tagged'
activesupport (6.1.7.8) lib/active_support/tagged_logging.rb:37:in `tagged'
activesupport (6.1.7.8) lib/active_support/tagged_logging.rb:99:in `tagged'
railties (6.1.7.8) lib/rails/rack/logger.rb:26:in `call'
actionpack (6.1.7.8) lib/action_dispatch/middleware/remote_ip.rb:81:in `call'
actionpack (6.1.7.8) lib/action_dispatch/middleware/request_id.rb:26:in `call'
rack (2.2.9) lib/rack/runtime.rb:22:in `call'
activesupport (6.1.7.8) lib/active_support/cache/strategy/local_cache_middleware.rb:29:in `call'
actionpack (6.1.7.8) lib/action_dispatch/middleware/executor.rb:14:in `call'
actionpack (6.1.7.8) lib/action_dispatch/middleware/static.rb:24:in `call'
rack (2.2.9) lib/rack/sendfile.rb:110:in `call'
actionpack (6.1.7.8) lib/action_dispatch/middleware/host_authorization.rb:148:in `call'
railties (6.1.7.8) lib/rails/engine.rb:539:in `call'
puma (5.6.8) lib/puma/configuration.rb:252:in `call'
puma (5.6.8) lib/puma/request.rb:77:in `block in handle_request'
puma (5.6.8) lib/puma/thread_pool.rb:340:in `with_force_shutdown'
puma (5.6.8) lib/puma/request.rb:76:in `handle_request'
puma (5.6.8) lib/puma/server.rb:443:in `process_client'
puma (5.6.8) lib/puma/thread_pool.rb:147:in `block in spawn_thread'
Started GET "/y_combinator/generate_url" for ::1 at 2024-07-16 13:17:12 +0530
Processing by YCombinatorController#generate_url as */*
  Parameters: {"n"=>10, "filters"=>{"batch"=>"W21", "industry"=>"Healthcare", "region"=>"United States", "tag"=>"Top Companies", "company_size"=>"1-10", "is_hiring"=>true, "nonprofit"=>false, "black_founded"=>true, "hispanic_latino_founded"=>false, "women_founded"=>true}, "y_combinator"=>{"n"=>10, "filters"=>{"batch"=>"W21", "industry"=>"Healthcare", "region"=>"United States", "tag"=>"Top Companies", "company_size"=>"1-10", "is_hiring"=>true, "nonprofit"=>false, "black_founded"=>true, "hispanic_latino_founded"=>false, "women_founded"=>true}}}
Completed 200 OK in 3ms (Views: 0.2ms | Allocations: 2142)


Started GET "/y_combinator/generate_url" for ::1 at 2024-07-16 13:20:22 +0530
Processing by YCombinatorController#generate_url as */*
  Parameters: {"n"=>10, "filters"=>{"batch"=>"W21", "industry"=>"Healthcare", "region"=>"United States"}, "y_combinator"=>{"n"=>10, "filters"=>{"batch"=>"W21", "industry"=>"Healthcare", "region"=>"United States"}}}
Completed 200 OK in 0ms (Views: 0.1ms | Allocations: 177)


Started GET "/y_combinator/generate_url" for ::1 at 2024-07-16 13:24:54 +0530
Processing by YCombinatorController#generate_url as */*
  Parameters: {"n"=>10, "filters"=>{"batch"=>"W21", "industry"=>"Healthcare", "region"=>"United States"}, "y_combinator"=>{"n"=>10, "filters"=>{"batch"=>"W21", "industry"=>"Healthcare", "region"=>"United States"}}}
Completed 200 OK in 0ms (Views: 0.1ms | Allocations: 271)


Started GET "/y_combinator/generate_url" for ::1 at 2024-07-16 13:29:04 +0530
Processing by YCombinatorController#generate_url as */*
  Parameters: {"n"=>10, "filters"=>{"batch"=>"W21", "industry"=>"Healthcare", "region"=>"United States of America"}, "y_combinator"=>{"n"=>10, "filters"=>{"batch"=>"W21", "industry"=>"Healthcare", "region"=>"United States of America"}}}
Completed 200 OK in 0ms (Views: 0.1ms | Allocations: 133)


Started GET "/y_combinator/generate_url" for ::1 at 2024-07-16 13:34:29 +0530
Processing by YCombinatorController#generate_url as */*
  Parameters: {"n"=>10, "filters"=>{"batch"=>"W21", "industry"=>"Healthcare", "region"=>"United States of America"}, "y_combinator"=>{"n"=>10, "filters"=>{"batch"=>"W21", "industry"=>"Healthcare", "region"=>"United States of America"}}}
Completed 200 OK in 0ms (Views: 0.1ms | Allocations: 263)


Started GET "/y_combinator/generate_url" for ::1 at 2024-07-16 13:36:40 +0530
Processing by YCombinatorController#generate_url as */*
  Parameters: {"n"=>10, "filters"=>{"batch"=>"W21", "industry"=>"Healthcare", "region"=>"United States of America"}, "y_combinator"=>{"n"=>10, "filters"=>{"batch"=>"W21", "industry"=>"Healthcare", "region"=>"United States of America"}}}
Completed 200 OK in 0ms (Views: 0.1ms | Allocations: 265)


Started GET "/y_combinator/scrape" for ::1 at 2024-07-16 13:36:44 +0530
Processing by YCombinatorController#scrape as */*
Completed 500 Internal Server Error in 1279ms (Allocations: 4536)


  
JSON::ParserError (859: unexpected token at ''):
  
app/controllers/y_combinator_controller.rb:67:in `generate_url'
app/controllers/y_combinator_controller.rb:13:in `scrape'
Started GET "/y_combinator/scrape" for ::1 at 2024-07-16 13:37:13 +0530
Processing by YCombinatorController#scrape as */*
  Parameters: {"n"=>10, "filters"=>{"batch"=>"W21", "industry"=>"Healthcare", "region"=>"United States of America"}, "y_combinator"=>{"n"=>10, "filters"=>{"batch"=>"W21", "industry"=>"Healthcare", "region"=>"United States of America"}}}
Completed 500 Internal Server Error in 399ms (Views: 0.1ms | Allocations: 2223)


  
Selenium::WebDriver::Error::InvalidArgumentError (invalid argument
  (Session info: chrome-headless-shell=126.0.6478.126)):
  
app/controllers/y_combinator_controller.rb:15:in `scrape'
Started GET "/y_combinator/scrape" for ::1 at 2024-07-16 13:37:16 +0530
Processing by YCombinatorController#scrape as */*
  Parameters: {"n"=>10, "filters"=>{"batch"=>"W21", "industry"=>"Healthcare", "region"=>"United States of America"}, "y_combinator"=>{"n"=>10, "filters"=>{"batch"=>"W21", "industry"=>"Healthcare", "region"=>"United States of America"}}}
Completed 500 Internal Server Error in 392ms (Views: 0.1ms | Allocations: 2155)


  
Selenium::WebDriver::Error::InvalidArgumentError (invalid argument
  (Session info: chrome-headless-shell=126.0.6478.126)):
  
app/controllers/y_combinator_controller.rb:15:in `scrape'
Started GET "/y_combinator/scrape" for ::1 at 2024-07-16 13:37:24 +0530
Processing by YCombinatorController#scrape as */*
  Parameters: {"n"=>10, "filters"=>{"batch"=>"W21", "industry"=>"Healthcare", "region"=>"United States of America"}, "y_combinator"=>{"n"=>10, "filters"=>{"batch"=>"W21", "industry"=>"Healthcare", "region"=>"United States of America"}}}
Completed 500 Internal Server Error in 383ms (Views: 0.1ms | Allocations: 2184)


  
Selenium::WebDriver::Error::InvalidArgumentError (invalid argument
  (Session info: chrome-headless-shell=126.0.6478.126)):
  
app/controllers/y_combinator_controller.rb:15:in `scrape'
Started GET "/y_combinator/scrape" for ::1 at 2024-07-16 13:38:02 +0530
Processing by YCombinatorController#scrape as */*
  Parameters: {"n"=>10, "filters"=>{"batch"=>"W21", "industry"=>"Healthcare", "region"=>"United States of America"}, "y_combinator"=>{"n"=>10, "filters"=>{"batch"=>"W21", "industry"=>"Healthcare", "region"=>"United States of America"}}}
Completed 200 OK in 44598ms (Views: 2.5ms | Allocations: 45054)


Started GET "/y_combinator/scrape" for ::1 at 2024-07-16 13:45:31 +0530
Processing by YCombinatorController#scrape as */*
  Parameters: {"n"=>10, "filters"=>{"batch"=>"W21", "industry"=>"Healthcare", "region"=>"United States of America"}, "y_combinator"=>{"n"=>10, "filters"=>{"batch"=>"W21", "industry"=>"Healthcare", "region"=>"United States of America"}}}
Completed 200 OK in 30503ms (Views: 1.3ms | Allocations: 43938)


Started GET "/y_combinator/scrape" for ::1 at 2024-07-16 13:46:54 +0530
Processing by YCombinatorController#scrape as */*
  Parameters: {"n"=>10, "filters"=>{"batch"=>"W21", "industry"=>"Healthcare", "region"=>"United States of America"}, "y_combinator"=>{"n"=>10, "filters"=>{"batch"=>"W21", "industry"=>"Healthcare", "region"=>"United States of America"}}}
Completed 200 OK in 29383ms (Views: 2.4ms | Allocations: 43959)


Started GET "/y_combinator/scrape" for ::1 at 2024-07-16 13:50:48 +0530
Processing by YCombinatorController#scrape as */*
  Parameters: {"n"=>10, "filters"=>{"batch"=>"W21", "industry"=>"Healthcare", "region"=>"United States of America"}, "y_combinator"=>{"n"=>10, "filters"=>{"batch"=>"W21", "industry"=>"Healthcare", "region"=>"United States of America"}}}
Completed 200 OK in 211378ms (Views: 3.9ms | Allocations: 98642)


Started GET "/y_combinator/scrape" for ::1 at 2024-07-16 13:54:23 +0530
Processing by YCombinatorController#scrape as */*
  Parameters: {"n"=>10, "filters"=>{"batch"=>"W21", "industry"=>"Healthcare", "region"=>"United States of America"}, "y_combinator"=>{"n"=>10, "filters"=>{"batch"=>"W21", "industry"=>"Healthcare", "region"=>"United States of America"}}}
Completed 200 OK in 50578ms (Views: 0.6ms | Allocations: 42445)


Started GET "/y_combinator/scrape" for ::1 at 2024-07-16 14:51:19 +0530
Processing by YCombinatorController#scrape as */*
  Parameters: {"n"=>10, "filters"=>{"batch"=>"W21", "industry"=>"Healthcare", "region"=>"United States of America", "tag"=>"Top Companies"}, "y_combinator"=>{"n"=>10, "filters"=>{"batch"=>"W21", "industry"=>"Healthcare", "region"=>"United States of America", "tag"=>"Top Companies"}}}
Completed 200 OK in 12146ms (Views: 0.3ms | Allocations: 4073)


Started GET "/y_combinator/scrape" for ::1 at 2024-07-16 14:51:35 +0530
Processing by YCombinatorController#scrape as */*
  Parameters: {"n"=>10, "filters"=>{"batch"=>"W21", "industry"=>"Healthcare", "region"=>"United States of America", "tag"=>"Top Companies"}, "y_combinator"=>{"n"=>10, "filters"=>{"batch"=>"W21", "industry"=>"Healthcare", "region"=>"United States of America", "tag"=>"Top Companies"}}}
Completed 200 OK in 10005ms (Views: 0.3ms | Allocations: 4057)


Started GET "/y_combinator/scrape" for ::1 at 2024-07-16 14:51:54 +0530
Processing by YCombinatorController#scrape as */*
  Parameters: {"n"=>10, "filters"=>{"batch"=>"W21", "industry"=>"Healthcare", "region"=>"United States of America", "tag"=>"Hard Tech"}, "y_combinator"=>{"n"=>10, "filters"=>{"batch"=>"W21", "industry"=>"Healthcare", "region"=>"United States of America", "tag"=>"Hard Tech"}}}
Completed 200 OK in 11783ms (Views: 0.3ms | Allocations: 5873)


Started GET "/y_combinator/scrape" for ::1 at 2024-07-16 18:36:48 +0530
  [1m[35m (0.4ms)[0m  [1m[34mSELECT sqlite_version(*)[0m
Processing by YCombinatorController#scrape as */*
  Parameters: {"n"=>10, "filters"=>{"batch"=>"W21", "industry"=>"Healthcare", "region"=>"United States of America", "tag"=>"Hard Tech"}, "y_combinator"=>{"n"=>10, "filters"=>{"batch"=>"W21", "industry"=>"Healthcare", "region"=>"United States of America", "tag"=>"Hard Tech"}}}
Completed 200 OK in 31107ms (Views: 0.6ms | ActiveRecord: 0.0ms | Allocations: 11987)


Started GET "/y_combinator/scrape" for ::1 at 2024-07-16 18:37:29 +0530
Error occurred while parsing request parameters.
Contents:

{
  "n": 10,
  "filters": {
    "batch": "W21",
    "industry": "Healthcare",
    "region": "United States of America",
    "tag": "Hard Tech"
    "company_size": "1-10",
    "is_hiring": true,
    "nonprofit": false,
    "black_founded": true,
    "hispanic_latino_founded": false,
    "women_founded": true
  }
}
Processing by YCombinatorController#scrape as */*
Completed 500 Internal Server Error in 380ms (ActiveRecord: 0.0ms | Allocations: 1381)


  
JSON::ParserError (859: unexpected token at '{
  "n": 10,
  "filters": {
    "batch": "W21",
    "industry": "Healthcare",
    "region": "United States of America",
    "tag": "Hard Tech"
    "company_size": "1-10",
    "is_hiring": true,
    "nonprofit": false,
    "black_founded": true,
    "hispanic_latino_founded": false,
    "women_founded": true
  }
}'):
  
app/controllers/y_combinator_controller.rb:67:in `generate_url'
app/controllers/y_combinator_controller.rb:12:in `scrape'
Started GET "/y_combinator/scrape" for ::1 at 2024-07-16 18:37:34 +0530
Processing by YCombinatorController#scrape as */*
  Parameters: {"n"=>10, "filters"=>{"batch"=>"W21", "industry"=>"Healthcare", "region"=>"United States of America", "tag"=>"Hard Tech", "company_size"=>"1-10", "is_hiring"=>true, "nonprofit"=>false, "black_founded"=>true, "hispanic_latino_founded"=>false, "women_founded"=>true}, "y_combinator"=>{"n"=>10, "filters"=>{"batch"=>"W21", "industry"=>"Healthcare", "region"=>"United States of America", "tag"=>"Hard Tech", "company_size"=>"1-10", "is_hiring"=>true, "nonprofit"=>false, "black_founded"=>true, "hispanic_latino_founded"=>false, "women_founded"=>true}}}
Completed 200 OK in 12485ms (Views: 0.3ms | ActiveRecord: 0.0ms | Allocations: 3905)


Started GET "/y_combinator/scrape" for ::1 at 2024-07-16 19:36:04 +0530
Processing by YCombinatorController#scrape as */*
  Parameters: {"n"=>10, "filters"=>{"batch"=>"W21", "industry"=>"Healthcare", "region"=>"United States of America", "tag"=>"Hard Tech", "company_size"=>"1-10", "is_hiring"=>true, "nonprofit"=>false, "black_founded"=>true, "hispanic_latino_founded"=>false, "women_founded"=>true}, "y_combinator"=>{"n"=>10, "filters"=>{"batch"=>"W21", "industry"=>"Healthcare", "region"=>"United States of America", "tag"=>"Hard Tech", "company_size"=>"1-10", "is_hiring"=>true, "nonprofit"=>false, "black_founded"=>true, "hispanic_latino_founded"=>false, "women_founded"=>true}}}
Completed 200 OK in 16776ms (Views: 0.3ms | Allocations: 3973)


Started GET "/y_combinator/scrape" for ::1 at 2024-07-16 19:37:17 +0530
Processing by YCombinatorController#scrape as */*
  Parameters: {"n"=>10, "filters"=>{"batch"=>"W21", "industry"=>"Healthcare", "region"=>"United States of America", "tag"=>"Hard Tech", "company_size"=>"1-10", "is_hiring"=>true, "nonprofit"=>false, "black_founded"=>true, "hispanic_latino_founded"=>false, "women_founded"=>true}, "y_combinator"=>{"n"=>10, "filters"=>{"batch"=>"W21", "industry"=>"Healthcare", "region"=>"United States of America", "tag"=>"Hard Tech", "company_size"=>"1-10", "is_hiring"=>true, "nonprofit"=>false, "black_founded"=>true, "hispanic_latino_founded"=>false, "women_founded"=>true}}}
Completed 500 Internal Server Error in 24875ms (Allocations: 30553)


  
Selenium::WebDriver::Error::TimeoutError (timed out after 10 seconds (no such element: Unable to locate element: {"method":"css selector","selector":"._results_86jzd_326"}
  (Session info: chrome-headless-shell=126.0.6478.126); For documentation on this error, please visit: https://www.selenium.dev/documentation/webdriver/troubleshooting/errors#no-such-element-exception)):
  
app/controllers/y_combinator_controller.rb:18:in `scrape'
Started GET "/y_combinator/scrape" for ::1 at 2024-07-16 19:37:48 +0530
Processing by YCombinatorController#scrape as */*
  Parameters: {"n"=>10, "filters"=>{"batch"=>"W21", "industry"=>"Healthcare", "region"=>"United States of America", "tag"=>"Hard Tech", "company_size"=>"1-10", "is_hiring"=>true, "nonprofit"=>false, "black_founded"=>true, "hispanic_latino_founded"=>false, "women_founded"=>true}, "y_combinator"=>{"n"=>10, "filters"=>{"batch"=>"W21", "industry"=>"Healthcare", "region"=>"United States of America", "tag"=>"Hard Tech", "company_size"=>"1-10", "is_hiring"=>true, "nonprofit"=>false, "black_founded"=>true, "hispanic_latino_founded"=>false, "women_founded"=>true}}}
Completed 500 Internal Server Error in 30291ms (Allocations: 30473)


  
Selenium::WebDriver::Error::TimeoutError (timed out after 10 seconds (no such element: Unable to locate element: {"method":"css selector","selector":"._results_86jzd_326"}
  (Session info: chrome-headless-shell=126.0.6478.126); For documentation on this error, please visit: https://www.selenium.dev/documentation/webdriver/troubleshooting/errors#no-such-element-exception)):
  
app/controllers/y_combinator_controller.rb:18:in `scrape'
Started GET "/y_combinator/scrape" for ::1 at 2024-07-16 19:38:22 +0530
Processing by YCombinatorController#scrape as */*
  Parameters: {"n"=>10, "filters"=>{"batch"=>"W21", "industry"=>"Healthcare", "region"=>"United States of America", "tag"=>"Hard Tech", "company_size"=>"1-10", "is_hiring"=>true, "nonprofit"=>false, "black_founded"=>true, "hispanic_latino_founded"=>false, "women_founded"=>true}, "y_combinator"=>{"n"=>10, "filters"=>{"batch"=>"W21", "industry"=>"Healthcare", "region"=>"United States of America", "tag"=>"Hard Tech", "company_size"=>"1-10", "is_hiring"=>true, "nonprofit"=>false, "black_founded"=>true, "hispanic_latino_founded"=>false, "women_founded"=>true}}}
Completed 200 OK in 25076ms (Views: 0.6ms | Allocations: 3979)


Started GET "/y_combinator/scrape" for ::1 at 2024-07-16 19:41:23 +0530
Processing by YCombinatorController#scrape as */*
  Parameters: {"n"=>10, "filters"=>{"batch"=>"W21", "industry"=>"Healthcare", "region"=>"United States of America", "tag"=>"Hard Tech", "company_size"=>"1-10", "is_hiring"=>true, "nonprofit"=>false, "black_founded"=>true, "hispanic_latino_founded"=>false, "women_founded"=>true}, "y_combinator"=>{"n"=>10, "filters"=>{"batch"=>"W21", "industry"=>"Healthcare", "region"=>"United States of America", "tag"=>"Hard Tech", "company_size"=>"1-10", "is_hiring"=>true, "nonprofit"=>false, "black_founded"=>true, "hispanic_latino_founded"=>false, "women_founded"=>true}}}
Completed 200 OK in 18589ms (Views: 0.2ms | Allocations: 4011)


Started GET "/y_combinator/scrape" for ::1 at 2024-07-16 19:42:05 +0530
Processing by YCombinatorController#scrape as */*
  Parameters: {"n"=>10, "filters"=>{"batch"=>"W21", "industry"=>"Healthcare", "region"=>"United States of America", "tag"=>"Hard Tech", "company_size"=>"1-10", "is_hiring"=>true, "nonprofit"=>false, "black_founded"=>true, "hispanic_latino_founded"=>false, "women_founded"=>true}, "y_combinator"=>{"n"=>10, "filters"=>{"batch"=>"W21", "industry"=>"Healthcare", "region"=>"United States of America", "tag"=>"Hard Tech", "company_size"=>"1-10", "is_hiring"=>true, "nonprofit"=>false, "black_founded"=>true, "hispanic_latino_founded"=>false, "women_founded"=>true}}}
Completed 500 Internal Server Error in 30529ms (Allocations: 30574)


  
Selenium::WebDriver::Error::TimeoutError (timed out after 10 seconds (no such element: Unable to locate element: {"method":"css selector","selector":"._results_86jzd_326"}
  (Session info: chrome-headless-shell=126.0.6478.126); For documentation on this error, please visit: https://www.selenium.dev/documentation/webdriver/troubleshooting/errors#no-such-element-exception)):
  
app/controllers/y_combinator_controller.rb:18:in `scrape'
Started GET "/y_combinator/scrape" for ::1 at 2024-07-16 19:43:20 +0530
Processing by YCombinatorController#scrape as */*
  Parameters: {"n"=>10, "filters"=>{"batch"=>"W21", "industry"=>"Healthcare", "region"=>"United States of America", "tag"=>"Hard Tech", "company_size"=>"1-10", "is_hiring"=>true, "nonprofit"=>false, "black_founded"=>true, "hispanic_latino_founded"=>false, "women_founded"=>true}, "y_combinator"=>{"n"=>10, "filters"=>{"batch"=>"W21", "industry"=>"Healthcare", "region"=>"United States of America", "tag"=>"Hard Tech", "company_size"=>"1-10", "is_hiring"=>true, "nonprofit"=>false, "black_founded"=>true, "hispanic_latino_founded"=>false, "women_founded"=>true}}}
Completed 200 OK in 109190ms (Views: 0.4ms | Allocations: 84921)


Started GET "/y_combinator/scrape" for ::1 at 2024-07-16 19:45:26 +0530
Processing by YCombinatorController#scrape as */*
  Parameters: {"n"=>10, "filters"=>{"batch"=>"W21", "industry"=>"Healthcare", "region"=>"United States of America", "tag"=>"Hard Tech", "company_size"=>"1-10", "is_hiring"=>true, "nonprofit"=>false, "black_founded"=>true, "hispanic_latino_founded"=>false, "women_founded"=>true}, "y_combinator"=>{"n"=>10, "filters"=>{"batch"=>"W21", "industry"=>"Healthcare", "region"=>"United States of America", "tag"=>"Hard Tech", "company_size"=>"1-10", "is_hiring"=>true, "nonprofit"=>false, "black_founded"=>true, "hispanic_latino_founded"=>false, "women_founded"=>true}}}
Completed 200 OK in 30447ms (Views: 0.2ms | Allocations: 4097)


Started GET "/y_combinator/scrape" for ::1 at 2024-07-16 19:47:20 +0530
Processing by YCombinatorController#scrape as */*
  Parameters: {"n"=>10, "filters"=>{"batch"=>"W21", "industry"=>"Healthcare", "region"=>"United States of America", "tag"=>"Hard Tech", "company_size"=>"1-10", "is_hiring"=>true, "nonprofit"=>false, "black_founded"=>true, "hispanic_latino_founded"=>false, "women_founded"=>true}, "y_combinator"=>{"n"=>10, "filters"=>{"batch"=>"W21", "industry"=>"Healthcare", "region"=>"United States of America", "tag"=>"Hard Tech", "company_size"=>"1-10", "is_hiring"=>true, "nonprofit"=>false, "black_founded"=>true, "hispanic_latino_founded"=>false, "women_founded"=>true}}}
Completed 500 Internal Server Error in 34939ms (Views: 0.3ms | Allocations: 6743)


  
AbstractController::DoubleRenderError (Render and/or redirect were called multiple times in this action. Please note that you may only call render OR redirect, and at most once per action. Also note that neither redirect nor render terminate execution of the action, so if you want to exit an action after redirecting, you need to do something like "redirect_to(...) and return".):
  
app/controllers/y_combinator_controller.rb:44:in `scrape'
Started GET "/y_combinator/scrape" for ::1 at 2024-07-16 19:48:18 +0530
Processing by YCombinatorController#scrape as */*
  Parameters: {"n"=>10, "filters"=>{"batch"=>"W21", "industry"=>"Healthcare", "region"=>"United States of America", "tag"=>"Hard Tech", "company_size"=>"1-10", "is_hiring"=>true, "nonprofit"=>false, "black_founded"=>true, "hispanic_latino_founded"=>false, "women_founded"=>true}, "y_combinator"=>{"n"=>10, "filters"=>{"batch"=>"W21", "industry"=>"Healthcare", "region"=>"United States of America", "tag"=>"Hard Tech", "company_size"=>"1-10", "is_hiring"=>true, "nonprofit"=>false, "black_founded"=>true, "hispanic_latino_founded"=>false, "women_founded"=>true}}}
Completed 500 Internal Server Error in 25914ms (Allocations: 30015)


  
Selenium::WebDriver::Error::TimeoutError (timed out after 10 seconds (no such element: Unable to locate element: {"method":"css selector","selector":"._results_86jzd_326"}
  (Session info: chrome-headless-shell=126.0.6478.126); For documentation on this error, please visit: https://www.selenium.dev/documentation/webdriver/troubleshooting/errors#no-such-element-exception)):
  
app/controllers/y_combinator_controller.rb:18:in `scrape'
Started GET "/y_combinator/scrape" for ::1 at 2024-07-16 19:48:50 +0530
Processing by YCombinatorController#scrape as */*
  Parameters: {"n"=>10, "filters"=>{"batch"=>"W21", "industry"=>"Healthcare", "region"=>"United States of America", "tag"=>"Hard Tech", "company_size"=>"1-10", "is_hiring"=>true, "nonprofit"=>false, "black_founded"=>true, "hispanic_latino_founded"=>false, "women_founded"=>true}, "y_combinator"=>{"n"=>10, "filters"=>{"batch"=>"W21", "industry"=>"Healthcare", "region"=>"United States of America", "tag"=>"Hard Tech", "company_size"=>"1-10", "is_hiring"=>true, "nonprofit"=>false, "black_founded"=>true, "hispanic_latino_founded"=>false, "women_founded"=>true}}}
Completed 500 Internal Server Error in 37025ms (Views: 0.1ms | Allocations: 23620)


  
AbstractController::DoubleRenderError (Render and/or redirect were called multiple times in this action. Please note that you may only call render OR redirect, and at most once per action. Also note that neither redirect nor render terminate execution of the action, so if you want to exit an action after redirecting, you need to do something like "redirect_to(...) and return".):
  
app/controllers/y_combinator_controller.rb:44:in `scrape'
Started GET "/y_combinator/scrape" for ::1 at 2024-07-16 19:49:41 +0530
Processing by YCombinatorController#scrape as */*
  Parameters: {"n"=>10, "filters"=>{"batch"=>"W21", "industry"=>"Healthcare", "region"=>"United States of America", "tag"=>"Hard Tech", "company_size"=>"1-10", "is_hiring"=>true, "nonprofit"=>false, "black_founded"=>true, "hispanic_latino_founded"=>false, "women_founded"=>true}, "y_combinator"=>{"n"=>10, "filters"=>{"batch"=>"W21", "industry"=>"Healthcare", "region"=>"United States of America", "tag"=>"Hard Tech", "company_size"=>"1-10", "is_hiring"=>true, "nonprofit"=>false, "black_founded"=>true, "hispanic_latino_founded"=>false, "women_founded"=>true}}}
Completed 500 Internal Server Error in 31927ms (Allocations: 36337)


  
Selenium::WebDriver::Error::TimeoutError (timed out after 10 seconds (no such element: Unable to locate element: {"method":"css selector","selector":"._results_86jzd_326"}
  (Session info: chrome-headless-shell=126.0.6478.126); For documentation on this error, please visit: https://www.selenium.dev/documentation/webdriver/troubleshooting/errors#no-such-element-exception)):
  
app/controllers/y_combinator_controller.rb:18:in `scrape'
Started GET "/y_combinator/scrape" for ::1 at 2024-07-16 19:50:22 +0530
Processing by YCombinatorController#scrape as */*
  Parameters: {"n"=>10, "filters"=>{"batch"=>"W21", "industry"=>"Healthcare", "region"=>"United States of America", "tag"=>"Hard Tech", "company_size"=>"1-10", "is_hiring"=>true, "nonprofit"=>false, "black_founded"=>true, "hispanic_latino_founded"=>false, "women_founded"=>true}, "y_combinator"=>{"n"=>10, "filters"=>{"batch"=>"W21", "industry"=>"Healthcare", "region"=>"United States of America", "tag"=>"Hard Tech", "company_size"=>"1-10", "is_hiring"=>true, "nonprofit"=>false, "black_founded"=>true, "hispanic_latino_founded"=>false, "women_founded"=>true}}}
Completed 200 OK in 23791ms (Views: 0.3ms | Allocations: 4022)


Started GET "/y_combinator/scrape" for ::1 at 2024-07-16 19:56:58 +0530
Processing by YCombinatorController#scrape as */*
  Parameters: {"n"=>10, "filters"=>{"batch"=>"W21", "industry"=>"Healthcare", "region"=>"United States of America", "tag"=>"Hard Tech", "is_hiring"=>true, "nonprofit"=>false, "black_founded"=>true, "hispanic_latino_founded"=>false, "women_founded"=>true}, "y_combinator"=>{"n"=>10, "filters"=>{"batch"=>"W21", "industry"=>"Healthcare", "region"=>"United States of America", "tag"=>"Hard Tech", "is_hiring"=>true, "nonprofit"=>false, "black_founded"=>true, "hispanic_latino_founded"=>false, "women_founded"=>true}}}
Completed 200 OK in 17291ms (Views: 0.4ms | Allocations: 4219)


Started GET "/y_combinator/scrape" for ::1 at 2024-07-16 19:58:23 +0530
Processing by YCombinatorController#scrape as */*
  Parameters: {"n"=>10, "filters"=>{"batch"=>"W21", "is_hiring"=>true, "black_founded"=>true}, "y_combinator"=>{"n"=>10, "filters"=>{"batch"=>"W21", "is_hiring"=>true, "black_founded"=>true}}}
Completed 200 OK in 26354ms (Views: 1.3ms | Allocations: 13077)


Started GET "/y_combinator/scrape" for ::1 at 2024-07-16 20:06:40 +0530
Processing by YCombinatorController#scrape as */*
  Parameters: {"n"=>10, "filters"=>{"batch"=>"W21", "company_size"=>"1-10", "is_hiring"=>true, "black_founded"=>true}, "y_combinator"=>{"n"=>10, "filters"=>{"batch"=>"W21", "company_size"=>"1-10", "is_hiring"=>true, "black_founded"=>true}}}
Completed 200 OK in 30632ms (Views: 1.1ms | Allocations: 13278)


Started GET "/y_combinator/scrape" for ::1 at 2024-07-16 20:20:13 +0530
Error occurred while parsing request parameters.
Contents:

{
  "n": 10,
  "filters": {
    "batch": "W21",
    
    
    
    
    
    
    
    
    
  }
}
Processing by YCombinatorController#scrape as */*
Completed 500 Internal Server Error in 478ms (Allocations: 1530)


  
JSON::ParserError (859: unexpected token at '{
  "n": 10,
  "filters": {
    "batch": "W21",
    
    
    
    
    
    
    
    
    
  }
}'):
  
app/controllers/y_combinator_controller.rb:71:in `generate_url'
app/controllers/y_combinator_controller.rb:12:in `scrape'
Started GET "/y_combinator/scrape" for ::1 at 2024-07-16 20:20:32 +0530
Processing by YCombinatorController#scrape as */*
  Parameters: {"n"=>10, "filters"=>{"batch"=>"W21"}, "y_combinator"=>{"n"=>10, "filters"=>{"batch"=>"W21"}}}
Completed 200 OK in 87562ms (Views: 1.2ms | Allocations: 70077)


Started GET "/y_combinator/scrape" for ::1 at 2024-07-17 11:17:48 +0530
  [1m[35m (0.4ms)[0m  [1m[34mSELECT sqlite_version(*)[0m
Processing by YCombinatorController#scrape as */*
  Parameters: {"n"=>120, "filters"=>{"batch"=>"W21", "industry"=>"Healthcare", "region"=>"United States of America", "tag"=>"Top Companies", "company_size"=>"1-10", "is_hiring"=>true, "nonprofit"=>false, "black_founded"=>true, "hispanic_latino_founded"=>false, "women_founded"=>true}, "y_combinator"=>{"n"=>120, "filters"=>{"batch"=>"W21", "industry"=>"Healthcare", "region"=>"United States of America", "tag"=>"Top Companies", "company_size"=>"1-10", "is_hiring"=>true, "nonprofit"=>false, "black_founded"=>true, "hispanic_latino_founded"=>false, "women_founded"=>true}}}
Completed 200 OK in 15270ms (Views: 0.6ms | ActiveRecord: 0.0ms | Allocations: 9281)


Started GET "/y_combinator/scrape" for ::1 at 2024-07-17 11:18:23 +0530
Processing by YCombinatorController#scrape as */*
  Parameters: {"n"=>120, "filters"=>{"batch"=>"W21", "industry"=>"Healthcare", "region"=>"United States of America", "tag"=>"Top Companies", "company_size"=>"1-10", "is_hiring"=>true, "nonprofit"=>false, "black_founded"=>true, "hispanic_latino_founded"=>false, "women_founded"=>true}, "y_combinator"=>{"n"=>120, "filters"=>{"batch"=>"W21", "industry"=>"Healthcare", "region"=>"United States of America", "tag"=>"Top Companies", "company_size"=>"1-10", "is_hiring"=>true, "nonprofit"=>false, "black_founded"=>true, "hispanic_latino_founded"=>false, "women_founded"=>true}}}
Completed 200 OK in 99810ms (Views: 0.2ms | Allocations: 59356)


Started GET "/y_combinator/scrape" for ::1 at 2024-07-17 11:20:10 +0530
Processing by YCombinatorController#scrape as */*
  Parameters: {"n"=>120, "filters"=>{"batch"=>"W21", "industry"=>"Healthcare", "region"=>"United States of America", "tag"=>"Top Companies", "is_hiring"=>true, "nonprofit"=>false, "black_founded"=>true, "hispanic_latino_founded"=>false, "women_founded"=>true}, "y_combinator"=>{"n"=>120, "filters"=>{"batch"=>"W21", "industry"=>"Healthcare", "region"=>"United States of America", "tag"=>"Top Companies", "is_hiring"=>true, "nonprofit"=>false, "black_founded"=>true, "hispanic_latino_founded"=>false, "women_founded"=>true}}}
Completed 200 OK in 10986ms (Views: 0.2ms | Allocations: 4035)


Started GET "/y_combinator/scrape" for ::1 at 2024-07-17 11:25:13 +0530
Processing by YCombinatorController#scrape as */*
  Parameters: {"n"=>120, "filters"=>{"batch"=>"W21", "industry"=>"Healthcare", "region"=>"United States of America", "tag"=>"Top Companies", "is_hiring"=>true, "nonprofit"=>false, "black_founded"=>false, "hispanic_latino_founded"=>false, "women_founded"=>true}, "y_combinator"=>{"n"=>120, "filters"=>{"batch"=>"W21", "industry"=>"Healthcare", "region"=>"United States of America", "tag"=>"Top Companies", "is_hiring"=>true, "nonprofit"=>false, "black_founded"=>false, "hispanic_latino_founded"=>false, "women_founded"=>true}}}
Completed 200 OK in 14343ms (Views: 0.3ms | Allocations: 3883)


Started GET "/y_combinator/scrape" for ::1 at 2024-07-17 11:29:32 +0530
Processing by YCombinatorController#scrape as */*
  Parameters: {"n"=>120, "filters"=>{"batch"=>"W21", "industry"=>"Healthcare", "region"=>"United States of America", "is_hiring"=>true, "nonprofit"=>false, "black_founded"=>false, "hispanic_latino_founded"=>false, "women_founded"=>true}, "y_combinator"=>{"n"=>120, "filters"=>{"batch"=>"W21", "industry"=>"Healthcare", "region"=>"United States of America", "is_hiring"=>true, "nonprofit"=>false, "black_founded"=>false, "hispanic_latino_founded"=>false, "women_founded"=>true}}}
Completed 200 OK in 15432ms (Views: 0.4ms | Allocations: 10259)


Started GET "/y_combinator/scrape" for ::1 at 2024-07-17 11:33:09 +0530
Processing by YCombinatorController#scrape as */*
  Parameters: {"n"=>120, "filters"=>{"batch"=>"W21", "industry"=>"Healthcare", "region"=>"United States of America", "company_size"=>"1-10", "is_hiring"=>true, "nonprofit"=>false, "black_founded"=>false, "hispanic_latino_founded"=>false, "women_founded"=>true}, "y_combinator"=>{"n"=>120, "filters"=>{"batch"=>"W21", "industry"=>"Healthcare", "region"=>"United States of America", "company_size"=>"1-10", "is_hiring"=>true, "nonprofit"=>false, "black_founded"=>false, "hispanic_latino_founded"=>false, "women_founded"=>true}}}
Completed 200 OK in 16293ms (Views: 0.7ms | Allocations: 9583)


Started GET "/y_combinator/scrape" for ::1 at 2024-07-17 11:35:50 +0530
Processing by YCombinatorController#scrape as */*
  Parameters: {"n"=>120, "filters"=>{"batch"=>"W21", "industry"=>"Healthcare", "region"=>"United States of America", "company_size"=>"1-50", "is_hiring"=>true, "nonprofit"=>false, "black_founded"=>false, "hispanic_latino_founded"=>false, "women_founded"=>true}, "y_combinator"=>{"n"=>120, "filters"=>{"batch"=>"W21", "industry"=>"Healthcare", "region"=>"United States of America", "company_size"=>"1-50", "is_hiring"=>true, "nonprofit"=>false, "black_founded"=>false, "hispanic_latino_founded"=>false, "women_founded"=>true}}}
Completed 200 OK in 15432ms (Views: 0.5ms | Allocations: 9597)


Started GET "/y_combinator/scrape" for ::1 at 2024-07-17 11:36:48 +0530
Processing by YCombinatorController#scrape as */*
  Parameters: {"n"=>120, "filters"=>{"batch"=>"W21", "industry"=>"Healthcare", "region"=>"United States of America", "company_size"=>"1-50", "is_hiring"=>true, "nonprofit"=>false, "black_founded"=>false, "hispanic_latino_founded"=>false, "women_founded"=>true}, "y_combinator"=>{"n"=>120, "filters"=>{"batch"=>"W21", "industry"=>"Healthcare", "region"=>"United States of America", "company_size"=>"1-50", "is_hiring"=>true, "nonprofit"=>false, "black_founded"=>false, "hispanic_latino_founded"=>false, "women_founded"=>true}}}
Completed 200 OK in 9639ms (Views: 0.4ms | Allocations: 3867)


Started GET "/y_combinator/scrape" for ::1 at 2024-07-17 11:37:40 +0530
Processing by YCombinatorController#scrape as */*
  Parameters: {"n"=>120, "filters"=>{"batch"=>"W21", "industry"=>"Healthcare", "region"=>"United States of America", "company_size"=>"1-50", "is_hiring"=>true, "nonprofit"=>false, "black_founded"=>false, "hispanic_latino_founded"=>false, "women_founded"=>true}, "y_combinator"=>{"n"=>120, "filters"=>{"batch"=>"W21", "industry"=>"Healthcare", "region"=>"United States of America", "company_size"=>"1-50", "is_hiring"=>true, "nonprofit"=>false, "black_founded"=>false, "hispanic_latino_founded"=>false, "women_founded"=>true}}}
Completed 200 OK in 10037ms (Views: 0.2ms | Allocations: 3846)


Started GET "/y_combinator/scrape" for ::1 at 2024-07-17 11:39:01 +0530
Processing by YCombinatorController#scrape as */*
  Parameters: {"n"=>120, "filters"=>{"batch"=>"W21", "industry"=>"Healthcare", "region"=>"United States of America", "company_size"=>"1-50", "is_hiring"=>true, "nonprofit"=>false, "black_founded"=>false, "hispanic_latino_founded"=>false, "women_founded"=>true}, "y_combinator"=>{"n"=>120, "filters"=>{"batch"=>"W21", "industry"=>"Healthcare", "region"=>"United States of America", "company_size"=>"1-50", "is_hiring"=>true, "nonprofit"=>false, "black_founded"=>false, "hispanic_latino_founded"=>false, "women_founded"=>true}}}
Completed 200 OK in 11496ms (Views: 0.2ms | Allocations: 3836)


Started GET "/y_combinator/scrape" for ::1 at 2024-07-17 11:39:17 +0530
Processing by YCombinatorController#scrape as */*
  Parameters: {"n"=>120, "filters"=>{"batch"=>"W21", "industry"=>"Healthcare", "region"=>"United States of America", "company_size"=>"1-10", "is_hiring"=>true, "nonprofit"=>false, "black_founded"=>false, "hispanic_latino_founded"=>false, "women_founded"=>true}, "y_combinator"=>{"n"=>120, "filters"=>{"batch"=>"W21", "industry"=>"Healthcare", "region"=>"United States of America", "company_size"=>"1-10", "is_hiring"=>true, "nonprofit"=>false, "black_founded"=>false, "hispanic_latino_founded"=>false, "women_founded"=>true}}}
Completed 200 OK in 11136ms (Views: 0.4ms | Allocations: 3699)


Started GET "/y_combinator/scrape" for ::1 at 2024-07-17 11:43:18 +0530
Processing by YCombinatorController#scrape as */*
  Parameters: {"n"=>120, "filters"=>{"batch"=>"W21", "industry"=>"Healthcare", "region"=>"United States of America", "company_size"=>"1-10", "is_hiring"=>true, "nonprofit"=>false, "black_founded"=>false, "hispanic_latino_founded"=>false, "women_founded"=>true}, "y_combinator"=>{"n"=>120, "filters"=>{"batch"=>"W21", "industry"=>"Healthcare", "region"=>"United States of America", "company_size"=>"1-10", "is_hiring"=>true, "nonprofit"=>false, "black_founded"=>false, "hispanic_latino_founded"=>false, "women_founded"=>true}}}
Completed 200 OK in 10509ms (Views: 0.2ms | Allocations: 3850)


Started GET "/y_combinator/scrape" for ::1 at 2024-07-17 11:43:59 +0530
Processing by YCombinatorController#scrape as */*
  Parameters: {"n"=>120, "filters"=>{"batch"=>"W21", "industry"=>"Healthcare", "region"=>"United States of America", "company_size"=>"1-10", "is_hiring"=>true, "nonprofit"=>false, "black_founded"=>false, "hispanic_latino_founded"=>false, "women_founded"=>true}, "y_combinator"=>{"n"=>120, "filters"=>{"batch"=>"W21", "industry"=>"Healthcare", "region"=>"United States of America", "company_size"=>"1-10", "is_hiring"=>true, "nonprofit"=>false, "black_founded"=>false, "hispanic_latino_founded"=>false, "women_founded"=>true}}}
Completed 200 OK in 10670ms (Views: 0.4ms | Allocations: 5960)


Started GET "/y_combinator/scrape" for ::1 at 2024-07-17 11:52:15 +0530
Processing by YCombinatorController#scrape as */*
  Parameters: {"n"=>120, "filters"=>{"batch"=>"W21", "industry"=>"Healthcare", "region"=>"United States of America", "company_size"=>"1-10", "is_hiring"=>true, "nonprofit"=>false, "black_founded"=>false, "hispanic_latino_founded"=>false, "women_founded"=>true}, "y_combinator"=>{"n"=>120, "filters"=>{"batch"=>"W21", "industry"=>"Healthcare", "region"=>"United States of America", "company_size"=>"1-10", "is_hiring"=>true, "nonprofit"=>false, "black_founded"=>false, "hispanic_latino_founded"=>false, "women_founded"=>true}}}
Completed 200 OK in 10669ms (Views: 0.4ms | Allocations: 3815)


Started GET "/y_combinator/scrape" for ::1 at 2024-07-17 12:12:10 +0530
Processing by YCombinatorController#scrape as */*
  Parameters: {"n"=>120, "filters"=>{"batch"=>"W21", "industry"=>"Healthcare", "region"=>"United States of America", "is_hiring"=>true, "nonprofit"=>false, "black_founded"=>false, "hispanic_latino_founded"=>false, "women_founded"=>true}, "y_combinator"=>{"n"=>120, "filters"=>{"batch"=>"W21", "industry"=>"Healthcare", "region"=>"United States of America", "is_hiring"=>true, "nonprofit"=>false, "black_founded"=>false, "hispanic_latino_founded"=>false, "women_founded"=>true}}}
Completed 200 OK in 16031ms (Views: 3.0ms | Allocations: 9560)


